<?xml version="1.0" encoding="UTF-8"?>
<!-- Generated by org.testng.reporters.JUnitXMLReporter -->
<testsuite hostname="hp" ignored="2" name="Test" tests="6" failures="0" timestamp="07 May 2021 07:14:53 GMT" time="0.105" errors="0">
  <testcase name="testcase3" time="0.031" classname="testNG.I_GroupingOfTestCase"/>
  <testcase name="testcase4" time="0.004" classname="testNG.I_GroupingOfTestCase"/>
  <testcase name="testcase5" time="0.002" classname="testNG.I_GroupingOfTestCase"/>
  <testcase name="testcase6" time="0.001" classname="testNG.I_GroupingOfTestCase"/>
  <testcase name="testcase7" time="0.002" classname="testNG.I_GroupingOfTestCase"/>
  <testcase name="testcase8" time="0.002" classname="testNG.I_GroupingOfTestCase"/>
  <testcase name="testcase1" time="0.0" classname="testNG.I_GroupingOfTestCase">
    <ignored/>
  </testcase> <!-- testcase1 -->
  <testcase name="testcase2" time="0.0" classname="testNG.I_GroupingOfTestCase">
    <ignored/>
  </testcase> <!-- testcase2 -->
</testsuite> <!-- Test -->
