<?xml version="1.0" encoding="UTF-8"?>
<!-- Generated by org.testng.reporters.JUnitXMLReporter -->
<testsuite hostname="hp" ignored="0" name="TestD" tests="3" failures="0" timestamp="27 Apr 2021 10:29:14 GMT" time="0.113" errors="0">
  <testcase name="Testcase1" time="0.0" classname="testNG.D_Annotations_BeforeClass_AfterClass"/>
  <testcase name="Testcase2" time="0.0" classname="testNG.D_Annotations_BeforeClass_AfterClass"/>
  <testcase name="Testcase3" time="0.0" classname="testNG.D_Annotations_BeforeClass_AfterClass"/>
</testsuite> <!-- TestD -->
