<?xml version="1.0" encoding="UTF-8"?>
<!-- Generated by org.testng.reporters.JUnitXMLReporter -->
<testsuite hostname="hp" ignored="0" name="TestC" tests="3" failures="0" timestamp="29 Apr 2021 07:59:55 GMT" time="0.031" errors="0">
  <testcase name="Testcase1" time="0.016" classname="testNG.C_Annotations_BeforeMethod_AfterMethod"/>
  <testcase name="Testcase2" time="0.015" classname="testNG.C_Annotations_BeforeMethod_AfterMethod"/>
  <testcase name="Testcase3" time="0.0" classname="testNG.C_Annotations_BeforeMethod_AfterMethod"/>
</testsuite> <!-- TestC -->
